2014-11-15 21:09:39,091 - Loaded System Directive: org.apache.velocity.runtime.directive.Literal
2014-11-15 21:09:39,093 - Loaded System Directive: org.apache.velocity.runtime.directive.Macro
2014-11-15 21:09:39,094 - Loaded System Directive: org.apache.velocity.runtime.directive.Parse
2014-11-15 21:09:39,095 - Loaded System Directive: org.apache.velocity.runtime.directive.Include
2014-11-15 21:09:39,095 - Loaded System Directive: org.apache.velocity.runtime.directive.Foreach
2014-11-15 21:09:39,122 - Created '20' parsers.
2014-11-15 21:09:39,131 - Velocimacro : "velocimacro.library" is not set.  Trying default library: VM_global_library.vm
2014-11-15 21:09:39,131 - Could not load resource 'VM_global_library.vm' from ResourceLoader org.apache.velocity.runtime.resource.loader.ClasspathResourceLoader: ClasspathResourceLoader Error: cannot find resource VM_global_library.vm
2014-11-15 21:09:39,132 - Velocimacro : Default library not found.
2014-11-15 21:09:39,132 - Velocimacro : allowInline = true : VMs can be defined inline in templates
2014-11-15 21:09:39,132 - Velocimacro : allowInlineToOverride = false : VMs defined inline may NOT replace previous VM definitions
2014-11-15 21:09:39,132 - Velocimacro : allowInlineLocal = false : VMs defined inline will be global in scope if allowed.
2014-11-15 21:09:39,132 - Velocimacro : autoload off : VM system will not automatically reload global library macros
2014-11-15 21:09:39,148 - ResourceManager : found velocityTemplates/samplemachine.txt with loader org.apache.velocity.runtime.resource.loader.ClasspathResourceLoader
2014-11-15 21:11:21,368 - Log4JLogChute initialized using file 'velocity.log'
2014-11-15 21:11:21,368 - Initializing Velocity, Calling init()...
2014-11-15 21:11:21,368 - Starting Apache Velocity v1.7 (compiled: 2010-11-19 12:14:37)
2014-11-15 21:11:21,368 - Default Properties File: org\apache\velocity\runtime\defaults\velocity.properties
2014-11-15 21:11:21,368 - Trying to use logger class org.apache.velocity.runtime.log.AvalonLogChute
2014-11-15 21:11:21,369 - Target log system for org.apache.velocity.runtime.log.AvalonLogChute is not available (java.lang.NoClassDefFoundError: org/apache/log/format/Formatter).  Falling back to next log system...
2014-11-15 21:11:21,369 - Trying to use logger class org.apache.velocity.runtime.log.Log4JLogChute
2014-11-15 21:11:21,369 - Using logger class org.apache.velocity.runtime.log.Log4JLogChute
2014-11-15 21:11:21,372 - ResourceLoader instantiated: org.apache.velocity.runtime.resource.loader.ClasspathResourceLoader
2014-11-15 21:11:21,380 - ResourceCache: initialized (class org.apache.velocity.runtime.resource.ResourceCacheImpl) with class java.util.Collections$SynchronizedMap cache map.
2014-11-15 21:11:21,382 - Loaded System Directive: org.apache.velocity.runtime.directive.Stop
2014-11-15 21:11:21,383 - Loaded System Directive: org.apache.velocity.runtime.directive.Define
2014-11-15 21:11:21,383 - Loaded System Directive: org.apache.velocity.runtime.directive.Break
2014-11-15 21:11:21,384 - Loaded System Directive: org.apache.velocity.runtime.directive.Evaluate
2014-11-15 21:11:21,385 - Loaded System Directive: org.apache.velocity.runtime.directive.Literal
2014-11-15 21:11:21,386 - Loaded System Directive: org.apache.velocity.runtime.directive.Macro
2014-11-15 21:11:21,387 - Loaded System Directive: org.apache.velocity.runtime.directive.Parse
2014-11-15 21:11:21,388 - Loaded System Directive: org.apache.velocity.runtime.directive.Include
2014-11-15 21:11:21,389 - Loaded System Directive: org.apache.velocity.runtime.directive.Foreach
2014-11-15 21:11:21,427 - Created '20' parsers.
2014-11-15 21:11:21,432 - Velocimacro : "velocimacro.library" is not set.  Trying default library: VM_global_library.vm
2014-11-15 21:11:21,432 - Could not load resource 'VM_global_library.vm' from ResourceLoader org.apache.velocity.runtime.resource.loader.ClasspathResourceLoader: ClasspathResourceLoader Error: cannot find resource VM_global_library.vm
2014-11-15 21:11:21,433 - Velocimacro : Default library not found.
2014-11-15 21:11:21,433 - Velocimacro : allowInline = true : VMs can be defined inline in templates
2014-11-15 21:11:21,433 - Velocimacro : allowInlineToOverride = false : VMs defined inline may NOT replace previous VM definitions
2014-11-15 21:11:21,433 - Velocimacro : allowInlineLocal = false : VMs defined inline will be global in scope if allowed.
2014-11-15 21:11:21,433 - Velocimacro : autoload off : VM system will not automatically reload global library macros
2014-11-15 21:11:21,448 - ResourceManager : found velocityTemplates/samplemachine.txt with loader org.apache.velocity.runtime.resource.loader.ClasspathResourceLoader
